Build started 5/15/2018 12:57:18 PM.
     1>Project "F:\Projects\OOP\Brick_Breaker,4_5\Brick_Breaker\Brick_Breaker.vcxproj" on node 2 (Build target(s)).
     1>ClCompile:
         C:\Program Files (x86)\Microsoft Visual Studio 12.0\VC\bin\CL.exe /c /I"F:\Projects\OOP\SDL2_mixer-devel-2.0.2-VC\SDL2_mixer-2.0.2\include" /I"F:\Projects\OOP\Dev\SDL2_image-2.0.1\include" /I"C:\Users\Ahmed_k\Desktop\SDL2-2.0.8\include" /Zi /nologo /W3 /WX- /O2 /Oi /Oy- /GL /D WIN32 /D NDEBUG /D _CONSOLE /D _LIB /D _UNICODE /D UNICODE /Gm- /EHsc /MD /GS /Gy /fp:precise /Zc:wchar_t /Zc:forScope /Fo"Release\\" /Fd"Release\vc120.pdb" /Gd /TP /analyze- /errorReport:prompt Ball.cpp Bricks.cpp Game.cpp GameMain.cpp GameObject.cpp Paddle.cpp Texrures.cpp
         Ball.cpp
         Bricks.cpp
         Game.cpp
     1>Game.cpp(42): warning C4244: 'argument' : conversion from 'time_t' to 'unsigned int', possible loss of data
     1>Game.cpp(39): warning C4101: 'score' : unreferenced local variable
         GameMain.cpp
     1>GameMain.cpp(11): warning C4244: '+=' : conversion from 'long double' to 'int', possible loss of data
     1>GameMain.cpp(40): warning C4018: '<' : signed/unsigned mismatch
     1>GameMain.cpp(95): warning C4244: 'argument' : conversion from 'unsigned __int64' to 'Uint32', possible loss of data
     1>GameMain.cpp(142): warning C4018: '<' : signed/unsigned mismatch
     1>GameMain.cpp(143): warning C4018: '<' : signed/unsigned mismatch
         GameObject.cpp
         Paddle.cpp
         Texrures.cpp
       ResourceCompile:
         C:\Program Files (x86)\Windows Kits\8.1\bin\x86\rc.exe /D _UNICODE /D UNICODE /l"0x0409" /nologo /fo"Release\Brick_Breaker.res" Brick_Breaker.rc 
       Link:
         C:\Program Files (x86)\Microsoft Visual Studio 12.0\VC\bin\link.exe /ERRORREPORT:PROMPT /OUT:"F:\Projects\OOP\Brick_Breaker,4_5\Release\Brick_Breaker.exe" /INCREMENTAL:NO /NOLOGO /LIBPATH:"F:\Projects\OOP\SDL2_mixer-devel-2.0.2-VC\SDL2_mixer-2.0.2\lib\x86" /LIBPATH:"F:\Projects\OOP\Dev\SDL2_image-2.0.1\lib\x86" /LIBPATH:"C:\Users\Ahmed_k\Desktop\SDL2-2.0.8\lib\x86" SDL2.lib SDL2main.lib SDL2_image.lib SDL2_mixer.lib kernel32.lib user32.lib gdi32.lib winspool.lib comdlg32.lib advapi32.lib shell32.lib ole32.lib oleaut32.lib uuid.lib odbc32.lib odbccp32.lib /MANIFEST /MANIFESTUAC:"level='asInvoker' uiAccess='false'" /manifest:embed /DEBUG /PDB:"F:\Projects\OOP\Brick_Breaker,4_5\Release\Brick_Breaker.pdb" /SUBSYSTEM:CONSOLE /OPT:REF /OPT:ICF /LTCG /TLBID:1 /DYNAMICBASE /NXCOMPAT /IMPLIB:"F:\Projects\OOP\Brick_Breaker,4_5\Release\Brick_Breaker.lib" /MACHINE:X86 /SAFESEH Release\Brick_Breaker.res
         Release\Ball.obj
         Release\Bricks.obj
         Release\Game.obj
         Release\GameMain.obj
         Release\GameObject.obj
         Release\Paddle.obj
         Release\Texrures.obj
         Generating code
         Finished generating code
         Brick_Breaker.vcxproj -> F:\Projects\OOP\Brick_Breaker,4_5\Release\Brick_Breaker.exe
     1>Done Building Project "F:\Projects\OOP\Brick_Breaker,4_5\Brick_Breaker\Brick_Breaker.vcxproj" (Build target(s)).

Build succeeded.

Time Elapsed 00:00:10.78
