c:\users\ahmed_k\desktop\brick_breaker\brick_breaker\debug\vc120.pdb
c:\users\ahmed_k\desktop\brick_breaker\brick_breaker\debug\vc120.idb
c:\users\ahmed_k\desktop\brick_breaker\brick_breaker\debug\ball.obj
c:\users\ahmed_k\desktop\brick_breaker\brick_breaker\debug\bricks.obj
c:\users\ahmed_k\desktop\brick_breaker\brick_breaker\debug\gamemain.obj
c:\users\ahmed_k\desktop\brick_breaker\brick_breaker\debug\gameobject.obj
c:\users\ahmed_k\desktop\brick_breaker\brick_breaker\debug\paddle.obj
c:\users\ahmed_k\desktop\brick_breaker\brick_breaker\debug\texrures.obj
c:\users\ahmed_k\desktop\brick_breaker\debug\brick_breaker.ilk
c:\users\ahmed_k\desktop\brick_breaker\debug\brick_breaker.exe
c:\users\ahmed_k\desktop\brick_breaker\debug\brick_breaker.pdb
c:\users\ahmed_k\desktop\brick_breaker\brick_breaker\debug\brick_breaker.res
c:\users\ahmed_k\desktop\brick_breaker\brick_breaker\debug\brick_breaker.tlog\cl.command.1.tlog
c:\users\ahmed_k\desktop\brick_breaker\brick_breaker\debug\brick_breaker.tlog\cl.read.1.tlog
c:\users\ahmed_k\desktop\brick_breaker\brick_breaker\debug\brick_breaker.tlog\cl.write.1.tlog
c:\users\ahmed_k\desktop\brick_breaker\brick_breaker\debug\brick_breaker.tlog\link.command.1.tlog
c:\users\ahmed_k\desktop\brick_breaker\brick_breaker\debug\brick_breaker.tlog\link.read.1.tlog
c:\users\ahmed_k\desktop\brick_breaker\brick_breaker\debug\brick_breaker.tlog\link.write.1.tlog
c:\users\ahmed_k\desktop\brick_breaker\brick_breaker\debug\brick_breaker.tlog\rc.command.1.tlog
c:\users\ahmed_k\desktop\brick_breaker\brick_breaker\debug\brick_breaker.tlog\rc.read.1.tlog
c:\users\ahmed_k\desktop\brick_breaker\brick_breaker\debug\brick_breaker.tlog\rc.write.1.tlog
